This is pdfTeX, Version 3.141592653-2.6-1.40.29 (TeX Live 2026/Arch Linux) (preloaded format=pdflatex 2026.5.23)  27 MAY 2026 18:00
entering extended mode
 restricted \write18 enabled.
 %&-line parsing enabled.
**main.tex
(./main.tex
LaTeX2e <2025-11-01>
L3 programming layer <2026-01-19>
(/usr/share/texmf-dist/tex/latex/elsarticle/elsarticle.cls
Document Class: elsarticle 2026/01/09, 3.5: Elsevier Ltd
(/usr/share/texmf-dist/tex/latex/base/fontenc.sty
Package: fontenc 2025/07/18 v2.1d Standard LaTeX package
)
(/usr/share/texmf-dist/tex/latex/l3kernel/expl3.sty
Package: expl3 2026-01-19 L3 programming layer (loader) 

(/usr/share/texmf-dist/tex/latex/l3backend/l3backend-pdftex.def
File: l3backend-pdftex.def 2025-10-09 L3 backend support: PDF output (pdfTeX)
\l__color_backend_stack_int=\count275
))
(/usr/share/texmf-dist/tex/latex/l3packages/xparse/xparse.sty
Package: xparse 2025-10-09 L3 Experimental document command parser
)
(/usr/share/texmf-dist/tex/latex/etoolbox/etoolbox.sty
Package: etoolbox 2025/10/02 v2.5m e-TeX tools for LaTeX (JAW)
\etb@tempcnta=\count276
)
\@bls=\dimen148

(/usr/share/texmf-dist/tex/latex/base/article.cls
Document Class: article 2025/01/22 v1.4n Standard LaTeX document class
(/usr/share/texmf-dist/tex/latex/base/size12.clo
File: size12.clo 2025/01/22 v1.4n Standard LaTeX file (size option)
)
\c@part=\count277
\c@section=\count278
\c@subsection=\count279
\c@subsubsection=\count280
\c@paragraph=\count281
\c@subparagraph=\count282
\c@figure=\count283
\c@table=\count284
\abovecaptionskip=\skip49
\belowcaptionskip=\skip50
\bibindent=\dimen149
)
(/usr/share/texmf-dist/tex/latex/graphics/graphicx.sty
Package: graphicx 2024/12/31 v1.2e Enhanced LaTeX Graphics (DPC,SPQR)

(/usr/share/texmf-dist/tex/latex/graphics/keyval.sty
Package: keyval 2022/05/29 v1.15 key=value parser (DPC)
\KV@toks@=\toks17
)
(/usr/share/texmf-dist/tex/latex/graphics/graphics.sty
Package: graphics 2024/08/06 v1.4g Standard LaTeX Graphics (DPC,SPQR)

(/usr/share/texmf-dist/tex/latex/graphics/trig.sty
Package: trig 2023/12/02 v1.11 sin cos tan (DPC)
)
(/usr/share/texmf-dist/tex/latex/graphics-cfg/graphics.cfg
File: graphics.cfg 2016/06/04 v1.11 sample graphics configuration
)
Package graphics Info: Driver file: pdftex.def on input line 106.

(/usr/share/texmf-dist/tex/latex/graphics-def/pdftex.def
File: pdftex.def 2025/09/29 v1.2d Graphics/color driver for pdftex
))
\Gin@req@height=\dimen150
\Gin@req@width=\dimen151
)
\c@tnote=\count285
\c@fnote=\count286
\c@cnote=\count287
\c@ead=\count288
\c@elsarticle@author=\count289
\@eadauthor=\toks18
\c@affn=\count290
\absbox=\box53
\elsarticlehighlightsbox=\box54
\elsarticlegrabsbox=\box55
\keybox=\box56
\Columnwidth=\dimen152
\space@left=\dimen153
\els@boxa=\box57
\els@boxb=\box58
\leftMargin=\dimen154
\@enLab=\toks19
\@sep=\skip51
\@@sep=\skip52
 (./main.spl)
(/usr/share/texmf-dist/tex/latex/natbib/natbib.sty
Package: natbib 2010/09/13 8.31b (PWD, AO)
\bibhang=\skip53
\bibsep=\skip54
LaTeX Info: Redefining \cite on input line 694.
\c@NAT@ctr=\count291
)
\splwrite=\write3
\openout3 = `main.spl'.

\appnamewidth=\dimen155
)
(/usr/share/texmf-dist/tex/latex/base/inputenc.sty
Package: inputenc 2024/02/08 v1.3d Input encoding file
\inpenc@prehook=\toks20
\inpenc@posthook=\toks21
)
(/usr/share/texmf-dist/tex/latex/base/fontenc.sty
Package: fontenc 2025/07/18 v2.1d Standard LaTeX package
)
(/usr/share/texmf-dist/tex/latex/amsmath/amsmath.sty
Package: amsmath 2025/07/09 v2.17z AMS math features
\@mathmargin=\skip55

For additional information on amsmath, use the `?' option.
(/usr/share/texmf-dist/tex/latex/amsmath/amstext.sty
Package: amstext 2024/11/17 v2.01 AMS text

(/usr/share/texmf-dist/tex/latex/amsmath/amsgen.sty
File: amsgen.sty 1999/11/30 v2.0 generic functions
\@emptytoks=\toks22
\ex@=\dimen156
))
(/usr/share/texmf-dist/tex/latex/amsmath/amsbsy.sty
Package: amsbsy 1999/11/29 v1.2d Bold Symbols
\pmbraise@=\dimen157
)
(/usr/share/texmf-dist/tex/latex/amsmath/amsopn.sty
Package: amsopn 2022/04/08 v2.04 operator names
)
\inf@bad=\count292
LaTeX Info: Redefining \frac on input line 233.
\uproot@=\count293
\leftroot@=\count294
LaTeX Info: Redefining \overline on input line 398.
LaTeX Info: Redefining \colon on input line 409.
\classnum@=\count295
\DOTSCASE@=\count296
LaTeX Info: Redefining \ldots on input line 495.
LaTeX Info: Redefining \dots on input line 498.
LaTeX Info: Redefining \cdots on input line 619.
\Mathstrutbox@=\box59
\strutbox@=\box60
LaTeX Info: Redefining \big on input line 721.
LaTeX Info: Redefining \Big on input line 722.
LaTeX Info: Redefining \bigg on input line 723.
LaTeX Info: Redefining \Bigg on input line 724.
\big@size=\dimen158
LaTeX Font Info:    Redeclaring font encoding OML on input line 742.
LaTeX Font Info:    Redeclaring font encoding OMS on input line 743.
\macc@depth=\count297
LaTeX Info: Redefining \bmod on input line 904.
LaTeX Info: Redefining \pmod on input line 909.
LaTeX Info: Redefining \smash on input line 939.
LaTeX Info: Redefining \relbar on input line 969.
LaTeX Info: Redefining \Relbar on input line 970.
\c@MaxMatrixCols=\count298
\dotsspace@=\muskip17
\c@parentequation=\count299
\dspbrk@lvl=\count300
\tag@help=\toks23
\row@=\count301
\column@=\count302
\maxfields@=\count303
\andhelp@=\toks24
\eqnshift@=\dimen159
\alignsep@=\dimen160
\tagshift@=\dimen161
\tagwidth@=\dimen162
\totwidth@=\dimen163
\lineht@=\dimen164
\@envbody=\toks25
\multlinegap=\skip56
\multlinetaggap=\skip57
\mathdisplay@stack=\toks26
LaTeX Info: Redefining \[ on input line 2950.
LaTeX Info: Redefining \] on input line 2951.
)
(/usr/share/texmf-dist/tex/latex/amscls/amsthm.sty
Package: amsthm 2020/05/29 v2.20.6
\thm@style=\toks27
\thm@bodyfont=\toks28
\thm@headfont=\toks29
\thm@notefont=\toks30
\thm@headpunct=\toks31
\thm@preskip=\skip58
\thm@postskip=\skip59
\thm@headsep=\skip60
\dth@everypar=\toks32
LaTeX Info: Redefining \qed on input line 273.
)
(/usr/share/texmf-dist/tex/latex/amsfonts/amssymb.sty
Package: amssymb 2013/01/14 v3.01 AMS font symbols

(/usr/share/texmf-dist/tex/latex/amsfonts/amsfonts.sty
Package: amsfonts 2013/01/14 v3.01 Basic AMSFonts support
\symAMSa=\mathgroup4
\symAMSb=\mathgroup5
LaTeX Font Info:    Redeclaring math symbol \hbar on input line 98.
LaTeX Font Info:    Overwriting math alphabet `\mathfrak' in version `bold'
(Font)                  U/euf/m/n --> U/euf/b/n on input line 106.
))
(/usr/share/texmf-dist/tex/latex/booktabs/booktabs.sty
Package: booktabs 2020/01/12 v1.61803398 Publication quality tables
\heavyrulewidth=\dimen165
\lightrulewidth=\dimen166
\cmidrulewidth=\dimen167
\belowrulesep=\dimen168
\belowbottomsep=\dimen169
\aboverulesep=\dimen170
\abovetopsep=\dimen171
\cmidrulesep=\dimen172
\cmidrulekern=\dimen173
\defaultaddspace=\dimen174
\@cmidla=\count304
\@cmidlb=\count305
\@aboverulesep=\dimen175
\@belowrulesep=\dimen176
\@thisruleclass=\count306
\@lastruleclass=\count307
\@thisrulewidth=\dimen177
)
(/usr/share/texmf-dist/tex/latex/multirow/multirow.sty
Package: multirow 2024/11/12 v2.9 Span multiple rows of a table
\multirow@colwidth=\skip61
\multirow@cntb=\count308
\multirow@dima=\skip62
\bigstrutjot=\dimen178
)
(/usr/share/texmf-dist/tex/latex/siunitx/siunitx.sty
Package: siunitx 2025-07-09 v3.4.14 A comprehensive (SI) units package
\l__siunitx_number_uncert_offset_int=\count309
\l__siunitx_number_exponent_fixed_int=\count310
\l__siunitx_number_min_decimal_int=\count311
\l__siunitx_number_min_integer_int=\count312
\l__siunitx_number_round_precision_int=\count313
\l__siunitx_number_lower_threshold_int=\count314
\l__siunitx_number_upper_threshold_int=\count315
\l__siunitx_number_group_first_int=\count316
\l__siunitx_number_group_size_int=\count317
\l__siunitx_number_group_minimum_int=\count318
\l__siunitx_angle_tmp_dim=\dimen179
\l__siunitx_angle_marker_box=\box61
\l__siunitx_angle_unit_box=\box62
\l__siunitx_compound_count_int=\count319

(/usr/share/texmf-dist/tex/latex/translations/translations.sty
Package: translations 2022/02/05 v1.12 internationalization of LaTeX2e packages
 (CN)

(/usr/share/texmf-dist/tex/generic/pdftexcmds/pdftexcmds.sty
Package: pdftexcmds 2020-06-27 v0.33 Utility functions of pdfTeX for LuaTeX (HO
)

(/usr/share/texmf-dist/tex/generic/infwarerr/infwarerr.sty
Package: infwarerr 2019/12/03 v1.5 Providing info/warning/error messages (HO)
)
(/usr/share/texmf-dist/tex/generic/iftex/iftex.sty
Package: iftex 2024/12/12 v1.0g TeX engine tests
)
(/usr/share/texmf-dist/tex/generic/ltxcmds/ltxcmds.sty
Package: ltxcmds 2023-12-04 v1.26 LaTeX kernel commands for general use (HO)
)
Package pdftexcmds Info: \pdf@primitive is available.
Package pdftexcmds Info: \pdf@ifprimitive is available.
Package pdftexcmds Info: \pdfdraftmode found.
))
\l__siunitx_table_tmp_box=\box63
\l__siunitx_table_tmp_dim=\dimen180
\l__siunitx_table_column_width_dim=\dimen181
\l__siunitx_table_integer_box=\box64
\l__siunitx_table_decimal_box=\box65
\l__siunitx_table_uncert_box=\box66
\l__siunitx_table_before_box=\box67
\l__siunitx_table_after_box=\box68
\l__siunitx_table_before_dim=\dimen182
\l__siunitx_table_carry_dim=\dimen183
\l__siunitx_unit_tmp_int=\count320
\l__siunitx_unit_position_int=\count321
\l__siunitx_unit_total_int=\count322

(/usr/share/texmf-dist/tex/latex/tools/array.sty
Package: array 2025/09/25 v2.6n Tabular extension package (FMi)
\col@sep=\dimen184
\ar@mcellbox=\box69
\extrarowheight=\dimen185
\NC@list=\toks33
\extratabsurround=\skip63
\backup@length=\skip64
\ar@cellbox=\box70
))
(/usr/share/texmf-dist/tex/latex/hyperref/hyperref.sty
Package: hyperref 2026-01-29 v7.01p Hypertext links for LaTeX

(/usr/share/texmf-dist/tex/latex/kvsetkeys/kvsetkeys.sty
Package: kvsetkeys 2022-10-05 v1.19 Key value parser (HO)
)
(/usr/share/texmf-dist/tex/generic/kvdefinekeys/kvdefinekeys.sty
Package: kvdefinekeys 2019-12-19 v1.6 Define keys (HO)
)
(/usr/share/texmf-dist/tex/generic/pdfescape/pdfescape.sty
Package: pdfescape 2019/12/09 v1.15 Implements pdfTeX's escape features (HO)
)
(/usr/share/texmf-dist/tex/latex/hycolor/hycolor.sty
Package: hycolor 2020-01-27 v1.10 Color options for hyperref/bookmark (HO)
)
(/usr/share/texmf-dist/tex/latex/hyperref/nameref.sty
Package: nameref 2026-01-29 v2.58 Cross-referencing by name of section

(/usr/share/texmf-dist/tex/latex/refcount/refcount.sty
Package: refcount 2019/12/15 v3.6 Data extraction from label references (HO)
)
(/usr/share/texmf-dist/tex/generic/gettitlestring/gettitlestring.sty
Package: gettitlestring 2019/12/15 v1.6 Cleanup title references (HO)

(/usr/share/texmf-dist/tex/latex/kvoptions/kvoptions.sty
Package: kvoptions 2022-06-15 v3.15 Key value format for package options (HO)
))
\c@section@level=\count323
)
(/usr/share/texmf-dist/tex/generic/stringenc/stringenc.sty
Package: stringenc 2019/11/29 v1.12 Convert strings between diff. encodings (HO
)
)
\@linkdim=\dimen186
\Hy@linkcounter=\count324
\Hy@pagecounter=\count325

(/usr/share/texmf-dist/tex/latex/hyperref/pd1enc.def
File: pd1enc.def 2026-01-29 v7.01p Hyperref: PDFDocEncoding definition (HO)
Now handling font encoding PD1 ...
... no UTF-8 mapping file for font encoding PD1
)
(/usr/share/texmf-dist/tex/generic/intcalc/intcalc.sty
Package: intcalc 2019/12/15 v1.3 Expandable calculations with integers (HO)
)
\Hy@SavedSpaceFactor=\count326

(/usr/share/texmf-dist/tex/latex/hyperref/puenc.def
File: puenc.def 2026-01-29 v7.01p Hyperref: PDF Unicode definition (HO)
Now handling font encoding PU ...
... no UTF-8 mapping file for font encoding PU
)
Package hyperref Info: Hyper figures OFF on input line 4201.
Package hyperref Info: Link nesting OFF on input line 4206.
Package hyperref Info: Hyper index ON on input line 4209.
Package hyperref Info: Plain pages OFF on input line 4216.
Package hyperref Info: Backreferencing OFF on input line 4221.
Package hyperref Info: Implicit mode ON; LaTeX internals redefined.
Package hyperref Info: Bookmarks ON on input line 4468.
\c@Hy@tempcnt=\count327

(/usr/share/texmf-dist/tex/latex/url/url.sty
\Urlmuskip=\muskip18
Package: url 2013/09/16  ver 3.4  Verb mode for urls, etc.
)
LaTeX Info: Redefining \url on input line 4807.
\XeTeXLinkMargin=\dimen187

(/usr/share/texmf-dist/tex/generic/bitset/bitset.sty
Package: bitset 2019/12/09 v1.3 Handle bit-vector datatype (HO)

(/usr/share/texmf-dist/tex/generic/bigintcalc/bigintcalc.sty
Package: bigintcalc 2019/12/15 v1.5 Expandable calculations on big integers (HO
)
))
\Fld@menulength=\count328
\Field@Width=\dimen188
\Fld@charsize=\dimen189
Package hyperref Info: Hyper figures OFF on input line 6084.
Package hyperref Info: Link nesting OFF on input line 6089.
Package hyperref Info: Hyper index ON on input line 6092.
Package hyperref Info: backreferencing OFF on input line 6099.
Package hyperref Info: Link coloring OFF on input line 6104.
Package hyperref Info: Link coloring with OCG OFF on input line 6109.
Package hyperref Info: PDF/A mode OFF on input line 6114.
\Hy@abspage=\count329
\c@Item=\count330
\c@Hfootnote=\count331
)
Package hyperref Info: Driver (autodetected): hpdftex.

(/usr/share/texmf-dist/tex/latex/hyperref/hpdftex.def
File: hpdftex.def 2026-01-29 v7.01p Hyperref driver for pdfTeX
\Fld@listcount=\count332
\c@bookmark@seq@number=\count333

(/usr/share/texmf-dist/tex/latex/rerunfilecheck/rerunfilecheck.sty
Package: rerunfilecheck 2025-06-21 v1.11 Rerun checks for auxiliary files (HO)

(/usr/share/texmf-dist/tex/generic/uniquecounter/uniquecounter.sty
Package: uniquecounter 2019/12/15 v1.4 Provide unlimited unique counter (HO)
)
Package uniquecounter Info: New unique counter `rerunfilecheck' on input line 2
84.
)
\Hy@SectionHShift=\skip65
)
(/usr/share/texmf-dist/tex/latex/microtype/microtype.sty
Package: microtype 2026/03/01 v3.2d Micro-typographical refinements (RS)
\MT@toks=\toks34
\MT@tempbox=\box71
\MT@count=\count334
LaTeX Info: Redefining \noprotrusionifhmode on input line 1084.
LaTeX Info: Redefining \leftprotrusion on input line 1085.
\MT@prot@toks=\toks35
LaTeX Info: Redefining \rightprotrusion on input line 1104.
LaTeX Info: Redefining \textls on input line 1449.
\MT@outer@kern=\dimen190
LaTeX Info: Redefining \microtypecontext on input line 2053.
LaTeX Info: Redefining \textmicrotypecontext on input line 2070.
\MT@listname@count=\count335

(/usr/share/texmf-dist/tex/latex/microtype/microtype-pdftex.def
File: microtype-pdftex.def 2026/03/01 v3.2d Definitions specific to pdftex (RS)

LaTeX Info: Redefining \lsstyle on input line 944.
LaTeX Info: Redefining \lslig on input line 944.
\MT@outer@space=\skip66
)
Package microtype Info: Loading configuration file microtype.cfg.

(/usr/share/texmf-dist/tex/latex/microtype/microtype.cfg
File: microtype.cfg 2026/03/01 v3.2d microtype main configuration file (RS)
)
LaTeX Info: Redefining \microtypesetup on input line 3065.
)
(/usr/share/texmf-dist/tex/latex/pgf/frontendlayer/tikz.sty
(/usr/share/texmf-dist/tex/latex/pgf/basiclayer/pgf.sty
(/usr/share/texmf-dist/tex/latex/pgf/utilities/pgfrcs.sty
(/usr/share/texmf-dist/tex/generic/pgf/utilities/pgfutil-common.tex
\pgfutil@everybye=\toks36
\pgfutil@tempdima=\dimen191
\pgfutil@tempdimb=\dimen192
)
(/usr/share/texmf-dist/tex/generic/pgf/utilities/pgfutil-latex.def
\pgfutil@abb=\box72
)
(/usr/share/texmf-dist/tex/generic/pgf/utilities/pgfrcs.code.tex
(/usr/share/texmf-dist/tex/generic/pgf/pgf.revision.tex)
Package: pgfrcs 2025-08-29 v3.1.11a (3.1.11a)
))
Package: pgf 2025-08-29 v3.1.11a (3.1.11a)

(/usr/share/texmf-dist/tex/latex/pgf/basiclayer/pgfcore.sty
(/usr/share/texmf-dist/tex/latex/pgf/systemlayer/pgfsys.sty
(/usr/share/texmf-dist/tex/generic/pgf/systemlayer/pgfsys.code.tex
Package: pgfsys 2025-08-29 v3.1.11a (3.1.11a)

(/usr/share/texmf-dist/tex/generic/pgf/utilities/pgfkeys.code.tex
\pgfkeys@pathtoks=\toks37
\pgfkeys@temptoks=\toks38

(/usr/share/texmf-dist/tex/generic/pgf/utilities/pgfkeyslibraryfiltered.code.te
x
\pgfkeys@tmptoks=\toks39
))
\pgf@x=\dimen193
\pgf@y=\dimen194
\pgf@xa=\dimen195
\pgf@ya=\dimen196
\pgf@xb=\dimen197
\pgf@yb=\dimen198
\pgf@xc=\dimen199
\pgf@yc=\dimen256
\pgf@xd=\dimen257
\pgf@yd=\dimen258
\w@pgf@writea=\write4
\r@pgf@reada=\read2
\c@pgf@counta=\count336
\c@pgf@countb=\count337
\c@pgf@countc=\count338
\c@pgf@countd=\count339
\t@pgf@toka=\toks40
\t@pgf@tokb=\toks41
\t@pgf@tokc=\toks42
\pgf@sys@id@count=\count340
 (/usr/share/texmf-dist/tex/generic/pgf/systemlayer/pgf.cfg
File: pgf.cfg 2025-08-29 v3.1.11a (3.1.11a)
)
Driver file for pgf: pgfsys-pdftex.def

(/usr/share/texmf-dist/tex/generic/pgf/systemlayer/pgfsys-pdftex.def
File: pgfsys-pdftex.def 2025-08-29 v3.1.11a (3.1.11a)

(/usr/share/texmf-dist/tex/generic/pgf/systemlayer/pgfsys-common-pdf.def
File: pgfsys-common-pdf.def 2025-08-29 v3.1.11a (3.1.11a)
)))
(/usr/share/texmf-dist/tex/generic/pgf/systemlayer/pgfsyssoftpath.code.tex
File: pgfsyssoftpath.code.tex 2025-08-29 v3.1.11a (3.1.11a)
\pgfsyssoftpath@smallbuffer@items=\count341
\pgfsyssoftpath@bigbuffer@items=\count342
)
(/usr/share/texmf-dist/tex/generic/pgf/systemlayer/pgfsysprotocol.code.tex
File: pgfsysprotocol.code.tex 2025-08-29 v3.1.11a (3.1.11a)
))
(/usr/share/texmf-dist/tex/latex/xcolor/xcolor.sty
Package: xcolor 2024/09/29 v3.02 LaTeX color extensions (UK)

(/usr/share/texmf-dist/tex/latex/graphics-cfg/color.cfg
File: color.cfg 2016/01/02 v1.6 sample color configuration
)
Package xcolor Info: Driver file: pdftex.def on input line 274.

(/usr/share/texmf-dist/tex/latex/graphics/mathcolor.ltx)
Package xcolor Info: Model `cmy' substituted by `cmy0' on input line 1349.
Package xcolor Info: Model `hsb' substituted by `rgb' on input line 1353.
Package xcolor Info: Model `RGB' extended on input line 1365.
Package xcolor Info: Model `HTML' substituted by `rgb' on input line 1367.
Package xcolor Info: Model `Hsb' substituted by `hsb' on input line 1368.
Package xcolor Info: Model `tHsb' substituted by `hsb' on input line 1369.
Package xcolor Info: Model `HSB' substituted by `hsb' on input line 1370.
Package xcolor Info: Model `Gray' substituted by `gray' on input line 1371.
Package xcolor Info: Model `wave' substituted by `hsb' on input line 1372.
)
(/usr/share/texmf-dist/tex/generic/pgf/basiclayer/pgfcore.code.tex
Package: pgfcore 2025-08-29 v3.1.11a (3.1.11a)

(/usr/share/texmf-dist/tex/generic/pgf/math/pgfmath.code.tex
(/usr/share/texmf-dist/tex/generic/pgf/math/pgfmathutil.code.tex)
(/usr/share/texmf-dist/tex/generic/pgf/math/pgfmathparser.code.tex
\pgfmath@dimen=\dimen259
\pgfmath@count=\count343
\pgfmath@box=\box73
\pgfmath@toks=\toks43
\pgfmath@stack@operand=\toks44
\pgfmath@stack@operation=\toks45
)
(/usr/share/texmf-dist/tex/generic/pgf/math/pgfmathfunctions.code.tex)
(/usr/share/texmf-dist/tex/generic/pgf/math/pgfmathfunctions.basic.code.tex)
(/usr/share/texmf-dist/tex/generic/pgf/math/pgfmathfunctions.trigonometric.code
.tex)
(/usr/share/texmf-dist/tex/generic/pgf/math/pgfmathfunctions.random.code.tex)
(/usr/share/texmf-dist/tex/generic/pgf/math/pgfmathfunctions.comparison.code.te
x) (/usr/share/texmf-dist/tex/generic/pgf/math/pgfmathfunctions.base.code.tex)
(/usr/share/texmf-dist/tex/generic/pgf/math/pgfmathfunctions.round.code.tex)
(/usr/share/texmf-dist/tex/generic/pgf/math/pgfmathfunctions.misc.code.tex)
(/usr/share/texmf-dist/tex/generic/pgf/math/pgfmathfunctions.integerarithmetics
.code.tex) (/usr/share/texmf-dist/tex/generic/pgf/math/pgfmathcalc.code.tex)
(/usr/share/texmf-dist/tex/generic/pgf/math/pgfmathfloat.code.tex
\c@pgfmathroundto@lastzeros=\count344
))
(/usr/share/texmf-dist/tex/generic/pgf/math/pgfint.code.tex)
(/usr/share/texmf-dist/tex/generic/pgf/basiclayer/pgfcorepoints.code.tex
File: pgfcorepoints.code.tex 2025-08-29 v3.1.11a (3.1.11a)
\pgf@picminx=\dimen260
\pgf@picmaxx=\dimen261
\pgf@picminy=\dimen262
\pgf@picmaxy=\dimen263
\pgf@pathminx=\dimen264
\pgf@pathmaxx=\dimen265
\pgf@pathminy=\dimen266
\pgf@pathmaxy=\dimen267
\pgf@xx=\dimen268
\pgf@xy=\dimen269
\pgf@yx=\dimen270
\pgf@yy=\dimen271
\pgf@zx=\dimen272
\pgf@zy=\dimen273
)
(/usr/share/texmf-dist/tex/generic/pgf/basiclayer/pgfcorepathconstruct.code.tex
File: pgfcorepathconstruct.code.tex 2025-08-29 v3.1.11a (3.1.11a)
\pgf@path@lastx=\dimen274
\pgf@path@lasty=\dimen275
) (/usr/share/texmf-dist/tex/generic/pgf/basiclayer/pgfcorepathusage.code.tex
File: pgfcorepathusage.code.tex 2025-08-29 v3.1.11a (3.1.11a)
\pgf@shorten@end@additional=\dimen276
\pgf@shorten@start@additional=\dimen277
)
(/usr/share/texmf-dist/tex/generic/pgf/basiclayer/pgfcorescopes.code.tex
File: pgfcorescopes.code.tex 2025-08-29 v3.1.11a (3.1.11a)
\pgfpic=\box74
\pgf@hbox=\box75
\pgf@layerbox@main=\box76
\pgf@picture@serial@count=\count345
)
(/usr/share/texmf-dist/tex/generic/pgf/basiclayer/pgfcoregraphicstate.code.tex
File: pgfcoregraphicstate.code.tex 2025-08-29 v3.1.11a (3.1.11a)
\pgflinewidth=\dimen278
)
(/usr/share/texmf-dist/tex/generic/pgf/basiclayer/pgfcoretransformations.code.t
ex
File: pgfcoretransformations.code.tex 2025-08-29 v3.1.11a (3.1.11a)
\pgf@pt@x=\dimen279
\pgf@pt@y=\dimen280
\pgf@pt@temp=\dimen281
) (/usr/share/texmf-dist/tex/generic/pgf/basiclayer/pgfcorequick.code.tex
File: pgfcorequick.code.tex 2025-08-29 v3.1.11a (3.1.11a)
)
(/usr/share/texmf-dist/tex/generic/pgf/basiclayer/pgfcoreobjects.code.tex
File: pgfcoreobjects.code.tex 2025-08-29 v3.1.11a (3.1.11a)
)
(/usr/share/texmf-dist/tex/generic/pgf/basiclayer/pgfcorepathprocessing.code.te
x
File: pgfcorepathprocessing.code.tex 2025-08-29 v3.1.11a (3.1.11a)
) (/usr/share/texmf-dist/tex/generic/pgf/basiclayer/pgfcorearrows.code.tex
File: pgfcorearrows.code.tex 2025-08-29 v3.1.11a (3.1.11a)
\pgfarrowsep=\dimen282
)
(/usr/share/texmf-dist/tex/generic/pgf/basiclayer/pgfcoreshade.code.tex
File: pgfcoreshade.code.tex 2025-08-29 v3.1.11a (3.1.11a)
\pgf@max=\dimen283
\pgf@sys@shading@range@num=\count346
\pgf@shadingcount=\count347
)
(/usr/share/texmf-dist/tex/generic/pgf/basiclayer/pgfcoreimage.code.tex
File: pgfcoreimage.code.tex 2025-08-29 v3.1.11a (3.1.11a)
)
(/usr/share/texmf-dist/tex/generic/pgf/basiclayer/pgfcoreexternal.code.tex
File: pgfcoreexternal.code.tex 2025-08-29 v3.1.11a (3.1.11a)
\pgfexternal@startupbox=\box77
)
(/usr/share/texmf-dist/tex/generic/pgf/basiclayer/pgfcorelayers.code.tex
File: pgfcorelayers.code.tex 2025-08-29 v3.1.11a (3.1.11a)
)
(/usr/share/texmf-dist/tex/generic/pgf/basiclayer/pgfcoretransparency.code.tex
File: pgfcoretransparency.code.tex 2025-08-29 v3.1.11a (3.1.11a)
) (/usr/share/texmf-dist/tex/generic/pgf/basiclayer/pgfcorepatterns.code.tex
File: pgfcorepatterns.code.tex 2025-08-29 v3.1.11a (3.1.11a)
)
(/usr/share/texmf-dist/tex/generic/pgf/basiclayer/pgfcorerdf.code.tex
File: pgfcorerdf.code.tex 2025-08-29 v3.1.11a (3.1.11a)
)))
(/usr/share/texmf-dist/tex/generic/pgf/modules/pgfmoduleshapes.code.tex
File: pgfmoduleshapes.code.tex 2025-08-29 v3.1.11a (3.1.11a)
\pgfnodeparttextbox=\box78
)
(/usr/share/texmf-dist/tex/generic/pgf/modules/pgfmoduleplot.code.tex
File: pgfmoduleplot.code.tex 2025-08-29 v3.1.11a (3.1.11a)
)
(/usr/share/texmf-dist/tex/latex/pgf/compatibility/pgfcomp-version-0-65.sty
Package: pgfcomp-version-0-65 2025-08-29 v3.1.11a (3.1.11a)
\pgf@nodesepstart=\dimen284
\pgf@nodesepend=\dimen285
)
(/usr/share/texmf-dist/tex/latex/pgf/compatibility/pgfcomp-version-1-18.sty
Package: pgfcomp-version-1-18 2025-08-29 v3.1.11a (3.1.11a)
))
(/usr/share/texmf-dist/tex/latex/pgf/utilities/pgffor.sty
(/usr/share/texmf-dist/tex/latex/pgf/utilities/pgfkeys.sty
(/usr/share/texmf-dist/tex/generic/pgf/utilities/pgfkeys.code.tex))
(/usr/share/texmf-dist/tex/latex/pgf/math/pgfmath.sty
(/usr/share/texmf-dist/tex/generic/pgf/math/pgfmath.code.tex))
(/usr/share/texmf-dist/tex/generic/pgf/utilities/pgffor.code.tex
Package: pgffor 2025-08-29 v3.1.11a (3.1.11a)
\pgffor@iter=\dimen286
\pgffor@skip=\dimen287
\pgffor@stack=\toks46
\pgffor@toks=\toks47
))
(/usr/share/texmf-dist/tex/generic/pgf/frontendlayer/tikz/tikz.code.tex
Package: tikz 2025-08-29 v3.1.11a (3.1.11a)

(/usr/share/texmf-dist/tex/generic/pgf/libraries/pgflibraryplothandlers.code.te
x
File: pgflibraryplothandlers.code.tex 2025-08-29 v3.1.11a (3.1.11a)
\pgf@plot@mark@count=\count348
\pgfplotmarksize=\dimen288
)
\tikz@lastx=\dimen289
\tikz@lasty=\dimen290
\tikz@lastxsaved=\dimen291
\tikz@lastysaved=\dimen292
\tikz@lastmovetox=\dimen293
\tikz@lastmovetoy=\dimen294
\tikzleveldistance=\dimen295
\tikzsiblingdistance=\dimen296
\tikz@figbox=\box79
\tikz@figbox@bg=\box80
\tikz@tempbox=\box81
\tikz@tempbox@bg=\box82
\tikztreelevel=\count349
\tikznumberofchildren=\count350
\tikznumberofcurrentchild=\count351
\tikz@fig@count=\count352
 (/usr/share/texmf-dist/tex/generic/pgf/modules/pgfmodulematrix.code.tex
File: pgfmodulematrix.code.tex 2025-08-29 v3.1.11a (3.1.11a)
\pgfmatrixcurrentrow=\count353
\pgfmatrixcurrentcolumn=\count354
\pgf@matrix@numberofcolumns=\count355
)
\tikz@expandcount=\count356

(/usr/share/texmf-dist/tex/generic/pgf/frontendlayer/tikz/libraries/tikzlibrary
topaths.code.tex
File: tikzlibrarytopaths.code.tex 2025-08-29 v3.1.11a (3.1.11a)
)))
(/usr/share/texmf-dist/tex/generic/pgf/frontendlayer/tikz/libraries/tikzlibrary
positioning.code.tex
File: tikzlibrarypositioning.code.tex 2025-08-29 v3.1.11a (3.1.11a)
)
(/usr/share/texmf-dist/tex/generic/pgf/libraries/pgflibraryarrows.meta.code.tex
File: pgflibraryarrows.meta.code.tex 2025-08-29 v3.1.11a (3.1.11a)
\pgfarrowinset=\dimen297
\pgfarrowlength=\dimen298
\pgfarrowwidth=\dimen299
\pgfarrowlinewidth=\dimen300
)
(/usr/share/texmf-dist/tex/generic/pgf/frontendlayer/tikz/libraries/tikzlibrary
shapes.geometric.code.tex
File: tikzlibraryshapes.geometric.code.tex 2025-08-29 v3.1.11a (3.1.11a)

(/usr/share/texmf-dist/tex/generic/pgf/libraries/shapes/pgflibraryshapes.geomet
ric.code.tex
File: pgflibraryshapes.geometric.code.tex 2025-08-29 v3.1.11a (3.1.11a)
))
\c@remark=\count357
\c@proposition=\count358
\c@lemma=\count359
\c@corollary=\count360
Package translations Info: No language package found. I am going to use `englis
h' as default language. on input line 44.
 (./main.aux)
\openout1 = `main.aux'.

LaTeX Font Info:    Checking defaults for OML/cmm/m/it on input line 44.
LaTeX Font Info:    ... okay on input line 44.
LaTeX Font Info:    Checking defaults for OMS/cmsy/m/n on input line 44.
LaTeX Font Info:    ... okay on input line 44.
LaTeX Font Info:    Checking defaults for OT1/cmr/m/n on input line 44.
LaTeX Font Info:    ... okay on input line 44.
LaTeX Font Info:    Checking defaults for T1/cmr/m/n on input line 44.
LaTeX Font Info:    ... okay on input line 44.
LaTeX Font Info:    Checking defaults for TS1/cmr/m/n on input line 44.
LaTeX Font Info:    ... okay on input line 44.
LaTeX Font Info:    Checking defaults for OMX/cmex/m/n on input line 44.
LaTeX Font Info:    ... okay on input line 44.
LaTeX Font Info:    Checking defaults for U/cmr/m/n on input line 44.
LaTeX Font Info:    ... okay on input line 44.
LaTeX Font Info:    Checking defaults for PD1/pdf/m/n on input line 44.
LaTeX Font Info:    ... okay on input line 44.
LaTeX Font Info:    Checking defaults for PU/pdf/m/n on input line 44.
LaTeX Font Info:    ... okay on input line 44.

(/usr/share/texmf-dist/tex/context/base/mkii/supp-pdf.mkii
[Loading MPS to PDF converter (version 2006.09.02).]
\scratchcounter=\count361
\scratchdimen=\dimen301
\scratchbox=\box83
\nofMPsegments=\count362
\nofMParguments=\count363
\everyMPshowfont=\toks48
\MPscratchCnt=\count364
\MPscratchDim=\dimen302
\MPnumerator=\count365
\makeMPintoPDFobject=\count366
\everyMPtoPDFconversion=\toks49
) (/usr/share/texmf-dist/tex/latex/epstopdf-pkg/epstopdf-base.sty
Package: epstopdf-base 2020-01-24 v2.11 Base part for package epstopdf
Package epstopdf-base Info: Redefining graphics rule for `.eps' on input line 4
85.

(/usr/share/texmf-dist/tex/latex/latexconfig/epstopdf-sys.cfg
File: epstopdf-sys.cfg 2010/07/13 v1.3 Configuration of (r)epstopdf for TeX Liv
e
))
(/usr/share/texmf-dist/tex/latex/translations/translations-basic-dictionary-eng
lish.trsl
File: translations-basic-dictionary-english.trsl (english translation file `tra
nslations-basic-dictionary')
)
Package translations Info: loading dictionary `translations-basic-dictionary' f
or `english'. on input line 44.
Package hyperref Info: Link coloring OFF on input line 44.
 (./main.out) (./main.out)
\@outlinefile=\write5
\openout5 = `main.out'.

LaTeX Info: Redefining \microtypecontext on input line 44.
Package microtype Info: Applying patch `item' on input line 44.
Package microtype Info: Applying patch `toc' on input line 44.
Package microtype Info: Applying patch `eqnum' on input line 44.
Package microtype Info: Applying patch `footnote' on input line 44.
Package microtype Info: Applying patch `verbatim' on input line 44.
LaTeX Info: Redefining \microtypesetup on input line 44.


Package microtype Warning: The `disable' option is in effect.
(microtype)                Disabling all micro-typographic extensions.
(microtype)                This might lead to different line and page breaks.

LaTeX Font Info:    Trying to load font information for U+msa on input line 57.

(/usr/share/texmf-dist/tex/latex/amsfonts/umsa.fd
File: umsa.fd 2013/01/14 v3.01 AMS symbols A
)
LaTeX Font Info:    Trying to load font information for U+msb on input line 57.


(/usr/share/texmf-dist/tex/latex/amsfonts/umsb.fd
File: umsb.fd 2013/01/14 v3.01 AMS symbols B
) [1


{/var/lib/texmf/fonts/map/pdftex/updmap/pdftex.map}{/usr/share/texmf-dist/fonts
/enc/dvips/cm-super/cm-super-t1.enc}] [2] [3]

LaTeX Warning: Reference `app:proofs' on page 4 undefined on input line 184.

[4{/usr/share/texmf-dist/fonts/enc/dvips/cm-super/cm-super-ts1.enc}] [5]
Overfull \hbox (1.30986pt too wide) in paragraph at lines 220--228
\T1/cmr/m/n/12 closed by ran-domised sub-grid train-ing, stan-dard and log-vari
ance losses
 []

[6] [7]

Package natbib Warning: Citation `Raissi2019' on page 8 undefined on input line
 298.


Package natbib Warning: Citation `Rahaman2019' on page 8 undefined on input lin
e 305.


Package natbib Warning: Citation `Tancik2020' on page 8 undefined on input line
 305.


Package natbib Warning: Citation `Tancik2020' on page 8 undefined on input line
 315.


Package natbib Warning: Citation `Lu2021DeepONet' on page 8 undefined on input 
line 315.


Package natbib Warning: Citation `Wang2022' on page 8 undefined on input line 3
16.


Package natbib Warning: Citation `Wang2024Causal' on page 8 undefined on input 
line 317.

[8]

Package natbib Warning: Citation `YangMengKarniadakis2021' on page 9 undefined 
on input line 326.


Package natbib Warning: Citation `Li2021FNO' on page 9 undefined on input line 
350.


Package natbib Warning: Citation `Lu2021DeepONet' on page 9 undefined on input 
line 350.


Package natbib Warning: Citation `DuEtAl2024NSM' on page 9 undefined on input l
ine 351.

[9]

Package natbib Warning: Citation `Durall2020' on page 10 undefined on input lin
e 364.


Package natbib Warning: Citation `Engel2020DDSP' on page 10 undefined on input 
line 365.


Package natbib Warning: Citation `Chakraborty2025BSP' on page 10 undefined on i
nput line 366.


Package natbib Warning: Citation `Whittle1953' on page 10 undefined on input li
ne 370.


Package natbib Warning: Citation `Worrall2025SpectralShaping' on page 10 undefi
ned on input line 377.


Package natbib Warning: Citation `Hu2024ScoreFPINN' on page 10 undefined on inp
ut line 382.

[10]

Package natbib Warning: Citation `WangMscaleDNN2023' on page 11 undefined on in
put line 392.


Package natbib Warning: Citation `WangMscaleDeepONet2025' on page 11 undefined 
on input line 392.


Package natbib Warning: Citation `KhodakaramiHFS2025' on page 11 undefined on i
nput line 394.


Package natbib Warning: Citation `XiongSVSNN2025' on page 11 undefined on input
 line 395.


Package natbib Warning: Citation `KhodakaramiKarniadakis2026' on page 11 undefi
ned on input line 396.


Package natbib Warning: Citation `Chakraborty2025BSP' on page 11 undefined on i
nput line 412.

[11] [12]
Overfull \hbox (21.20726pt too wide) in paragraph at lines 502--508
 [][] 
 []

[13]

Package natbib Warning: Citation `Whittle1953' on page 14 undefined on input li
ne 578.


Package natbib Warning: Citation `Dahlhaus1996' on page 14 undefined on input l
ine 578.


Package natbib Warning: Citation `Brillinger1981' on page 14 undefined on input
 line 578.

[14] [15] [16] [17]
Overfull \hbox (35.48682pt too wide) in paragraph at lines 736--761
 [][] 
 []


LaTeX Warning: `h' float specifier changed to `ht'.


Package natbib Warning: Citation `MishraMolinaro2022' on page 18 undefined on i
nput line 782.


Package natbib Warning: Citation `DeRyckMishra2022' on page 18 undefined on inp
ut line 782.

[18]

Package natbib Warning: Citation `RudinRCA' on page 19 undefined on input line 
791.


Overfull \hbox (3.16249pt too wide) in paragraph at lines 807--818
\T1/cmr/m/n/12 tured tem-po-ral part), and the SPDE then prop-a-gates this sep-
a-ra-bil-ity through
 []


Overfull \hbox (4.06856pt too wide) in paragraph at lines 807--818
\T1/cmr/m/n/12 its semi-group at lead-ing or-der. We adopt the sep-a-ra-bil-ity
 as-sump-tion through-
 []

[19]

Package natbib Warning: Citation `Brillinger1981' on page 20 undefined on input
 line 853.


Package natbib Warning: Citation `Dahlhaus1996' on page 20 undefined on input l
ine 853.


Package natbib Warning: Citation `Whittle1953' on page 20 undefined on input li
ne 858.


Package natbib Warning: Citation `Brillinger1981' on page 20 undefined on input
 line 868.

[20]

Package natbib Warning: Citation `MishraMolinaro2022' on page 21 undefined on i
nput line 880.


Overfull \hbox (1.83133pt too wide) in paragraph at lines 894--900
[]\T1/cmr/m/n/12 Both $\OML/cmm/m/it/12 u[]$ \T1/cmr/m/n/12 and $\OML/cmm/m/it/
12 u[]$ \T1/cmr/m/n/12 are cen-tred, weakly
 []


Overfull \hbox (11.38513pt too wide) in paragraph at lines 894--900
\T1/cmr/m/n/12 with sep-a-ra-ble co-vari-ance $\OML/cmm/m/it/12 K\OT1/cmr/m/n/1
2 (\OML/cmm/m/it/12 ^^\; h\OT1/cmr/m/n/12 ) = \OML/cmm/m/it/12 K[]\OT1/cmr/m/n/
12 (\OML/cmm/m/it/12 h\OT1/cmr/m/n/12 ) \OML/cmm/m/it/12 K[]\OT1/cmr/m/n/12 (\O
ML/cmm/m/it/12 ^^\\OT1/cmr/m/n/12 )$\T1/cmr/m/n/12 , equiv-a-lently $\OT1/cmr/m
/n/12 d\OML/cmm/m/it/12 ^^V\OT1/cmr/m/n/12 (\OML/cmm/m/it/12 !; k\OT1/cmr/m/n/1
2 ) =
 []

[21]
Overfull \hbox (18.99666pt too wide) detected at line 923
[][][]\OMS/cmsy/m/n/12 L[]\OT1/cmr/m/n/12 (\OML/cmm/m/it/12 u[]\OT1/cmr/m/n/12 
) + \OMS/cmsy/m/n/12 L[]\OT1/cmr/m/n/12 (\OML/cmm/m/it/12 u[]\OT1/cmr/m/n/12 ) 
+ \OMS/cmsy/m/n/12 L[]\OT1/cmr/m/n/12 (\OML/cmm/m/it/12 u[]\OT1/cmr/m/n/12 ) \O
MS/cmsy/m/n/12 ^^T \OML/cmm/m/it/12 ";  \OMS/cmsy/m/n/12 L[]\OT1/cmr/m/n/12 (\O
ML/cmm/m/it/12 u[]\OT1/cmr/m/n/12 ) + \OML/cmm/m/it/12 ^^U[]\OMS/cmsy/m/n/12 L[
]\OT1/cmr/m/n/12 (\OML/cmm/m/it/12 u[]\OT1/cmr/m/n/12 ) + \OML/cmm/m/it/12 ^^U[
]\OMS/cmsy/m/n/12 L[]\OT1/cmr/m/n/12 (\OML/cmm/m/it/12 u[]\OT1/cmr/m/n/12 ) \OM
S/cmsy/m/n/12 ^^T \OML/cmm/m/it/12 ^^N;
 []


Overfull \hbox (6.46217pt too wide) in paragraph at lines 926--933
[]\T1/cmr/m/n/12 Both $\OML/cmm/m/it/12 u[]$ \T1/cmr/m/n/12 and $\OML/cmm/m/it/
12 u[]$ \T1/cmr/m/n/12 are cen-tred Gaus-
 []


Package natbib Warning: Citation `ContTankov2003' on page 22 undefined on input
 line 940.


Overfull \hbox (3.3988pt too wide) in paragraph at lines 935--944
[]$\OML/cmm/m/it/12 u$ \T1/cmr/m/n/12 is $\OML/cmm/m/it/12 $\T1/cmr/m/n/12 -mi
xing
 []


Package natbib Warning: Citation `ContTankov2003' on page 22 undefined on input
 line 948.


Overfull \hbox (4.06718pt too wide) in paragraph at lines 946--950
[]\T1/cmr/m/n/12 Both $\OML/cmm/m/it/12 u[]$ \T1/cmr/m/n/12 and $\OML/cmm/m/it/
12 u[]$
 []

[22]
Overfull \hbox (9.61389pt too wide) in paragraph at lines 961--968
[]\T1/cmr/m/n/12 For each $\OT1/cmr/m/n/12 (\OML/cmm/m/it/12 x; t\OT1/cmr/m/n/1
2 ) \OMS/cmsy/m/n/12 2 \OT1/cmr/m/n/12 
 \OMS/cmsy/m/n/12 ^^B \OT1/cmr/m/n/12 [0\OML/cmm/m/it/12 ; T\OT1/cmr/m/n/12 ]$\
T1/cmr/m/n/12 , the marginal
 []

[23]

LaTeX Warning: Reference `eq:sep-decomp' on page 24 undefined on input line 101
5.


Overfull \hbox (117.3766pt too wide) in paragraph at lines 1004--1016
\T1/cmr/m/it/12 and the con-stants are $\OML/cmm/m/it/12 C[] \OT1/cmr/m/n/12 = 
\OML/cmm/m/it/12 ^^V[]  [] \OT1/cmr/m/n/12 10 (\OML/cmm/m/it/12 M[] \OT1/cmr/m/
n/12 + \OML/cmm/m/it/12 M[]\OT1/cmr/m/n/12 )\OML/cmm/m/it/12 =[]$\T1/cmr/m/it/1
2 , $\OML/cmm/m/it/12 C[] \OT1/cmr/m/n/12 = []\OML/cmm/m/it/12 =[]$\T1/cmr/m/it
/12 ,
 []

[24]

Package natbib Warning: Citation `Trefethen2000' on page 25 undefined on input 
line 1070.


Package natbib Warning: Citation `Brillinger1981' on page 25 undefined on input
 line 1084.


Overfull \hbox (28.4242pt too wide) in paragraph at lines 1112--1117
\T1/cmr/m/it/12 where $\OML/cmm/m/it/12 ^^T[]\OT1/cmr/m/n/12 (\OML/cmm/m/it/12 
k\OT1/cmr/m/n/12 ) = \OML/cmm/m/it/12 h[]^^T\OT1/cmr/m/n/12 (\OML/cmm/m/it/12 k
=h[]\OT1/cmr/m/n/12 )$ \T1/cmr/m/it/12 is a sym-met-ric prob-a-bil-ity ker-nel 
with $[] \OMS/cmsy/m/n/12 j\OML/cmm/m/it/12 k\OMS/cmsy/m/n/12 j[]\OML/cmm/m/it/
12 ^^T\OT1/cmr/m/n/12 (\OML/cmm/m/it/12 k\OT1/cmr/m/n/12 ) \OML/cmm/m/it/12 dk 
<
 []

[25]

Package natbib Warning: Citation `Dahlhaus1996' on page 26 undefined on input l
ine 1138.


Package natbib Warning: Citation `Brillinger1981' on page 26 undefined on input
 line 1154.


Overfull \hbox (10.63023pt too wide) in paragraph at lines 1153--1165
[]\T1/cmr/m/it/12 Variance. \T1/cmr/m/n/12 Un-der (A6), Brillinger's cu-mu-lant
 spec-tral bound [\T1/cmr/bx/n/12 ? \T1/cmr/m/n/12 , Thm. 4.3.2]
 []


Package natbib Warning: Citation `Dahlhaus1996' on page 26 undefined on input l
ine 1170.

[26]

Package natbib Warning: Citation `Gelbrich1990' on page 27 undefined on input l
ine 1197.


Package natbib Warning: Citation `GivensShortt1984' on page 27 undefined on inp
ut line 1197.


Package natbib Warning: Citation `MishraMolinaro2022' on page 27 undefined on i
nput line 1222.


Package natbib Warning: Citation `MishraMolinaro2022' on page 27 undefined on i
nput line 1238.

[27]
Overfull \hbox (94.04376pt too wide) detected at line 1291
\OML/cmm/m/it/12 W[]  \OMS/cmsy/m/n/12 ^^T  [][]\OT1/cmr/m/n/12 2([] 10) \OML/c
mm/m/it/12 ^^V[][] \OT1/cmr/m/n/12 (\OML/cmm/m/it/12 M[] \OT1/cmr/m/n/12 + \OML
/cmm/m/it/12 M[]\OT1/cmr/m/n/12 ) + [] (\OML/cmm/m/it/12 N[]\OT1/cmr/m/n/12 )[]
 \OML/cmm/m/it/12 M[] \OT1/cmr/m/n/12 + [] (\OML/cmm/m/it/12 N[]\OT1/cmr/m/n/12
 )[] \OML/cmm/m/it/12 M[][];
 []

[28]

Package natbib Warning: Citation `MishraMolinaro2022' on page 29 undefined on i
nput line 1333.


Overfull \hbox (63.90823pt too wide) detected at line 1349
[][]\OT1/cmr/m/n/12 (\OML/cmm/m/it/12 u[]\OT1/cmr/m/n/12 )\OML/cmm/m/it/12 =[]\
OT1/cmr/m/n/12 (\OML/cmm/m/it/12 u[]\OT1/cmr/m/n/12 ) \OMS/cmsy/m/n/12 ^^@ \OT1
/cmr/m/n/12 1[]  \OMS/cmsy/m/n/12 ^^T  [][][] \OT1/cmr/m/n/12 + [][][]\OML/cmm/
m/it/12 C[][] \OT1/cmr/m/n/12 + \OML/cmm/m/it/12 C[]N[] \OT1/cmr/m/n/12 + \OML/
cmm/m/it/12 C[][][]:
 []


Overfull \hbox (199.99342pt too wide) detected at line 1363
\OMS/cmsy/m/n/12 j\U/msb/m/n/12 E\OT1/cmr/m/n/12 [\OMS/cmsy/m/n/12 k\OML/cmm/m/
it/12 X\OMS/cmsy/m/n/12 k[]\OT1/cmr/m/n/12 ] \OMS/cmsy/m/n/12 ^^@ \U/msb/m/n/12
 E\OT1/cmr/m/n/12 [\OMS/cmsy/m/n/12 k\OML/cmm/m/it/12 Y\OMS/cmsy/m/n/12 k[]\OT1
/cmr/m/n/12 ]\OMS/cmsy/m/n/12 j ^^T \U/msb/m/n/12 E[]\OT1/cmr/m/n/12 ([]) \OMS/
cmsy/m/n/12 k\OML/cmm/m/it/12 X \OMS/cmsy/m/n/12 ^^@ \OML/cmm/m/it/12 Y\OMS/cms
y/m/n/12 k[] ^^T [] ^^A \OML/cmm/m/it/12 W[] \OMS/cmsy/m/n/12 ^^T [] \OT1/cmr/m
/n/12 ([] + []) \OMS/cmsy/m/n/12 ^^A \OML/cmm/m/it/12 W[];
 []


Package natbib Warning: Citation `Brillinger1981' on page 29 undefined on input
 line 1372.

[29] [30]
Overfull \hbox (0.42976pt too wide) in paragraph at lines 1441--1452
\T1/cmr/m/n/12 Write $\OML/cmm/m/it/12 u \OT1/cmr/m/n/12 = \OML/cmm/m/it/12 u[]
 \OT1/cmr/m/n/12 + \OML/cmm/m/it/12 u[]$ \T1/cmr/m/n/12 as in (A7), with $\OML/
cmm/m/it/12 u[] \OMS/cmsy/m/n/12 ^^X N\OT1/cmr/m/n/12 (0\OML/cmm/m/it/12 ; C[]\
OT1/cmr/m/n/12 )$ \T1/cmr/m/n/12 and $\OT1/cmr/m/n/12 ^^E[]\OMS/cmsy/m/n/12 L\O
T1/cmr/m/n/12 (\OML/cmm/m/it/12 u\OT1/cmr/m/n/12 ) = \OMS/cmsy/m/n/12 N\OT1/cmr
/m/n/12 (0\OML/cmm/m/it/12 ; C[]\OT1/cmr/m/n/12 ) =
 []


Overfull \hbox (7.55296pt too wide) in paragraph at lines 1466--1474
\T1/cmr/m/it/12 pa-ram-e-ters $\OT1/cmr/m/n/12 (\OML/cmm/m/it/12 ^^[; ^^W; ^^R\
OT1/cmr/m/n/12 )$\T1/cmr/m/it/12 , the pure-jump com-po-nent sat-is-fies $\U/ms
b/m/n/12 E\OMS/cmsy/m/n/12 k\OML/cmm/m/it/12 ^^X[]\OMS/cmsy/m/n/12 k[] \OT1/cmr
/m/n/12 = \OML/cmm/m/it/12 ^^W\OT1/cmr/m/n/12 (\OML/cmm/m/it/12 ^^[[] \OT1/cmr/
m/n/12 +
 []

[31]

Package natbib Warning: Citation `ChenGoldsteinShao2011' on page 32 undefined o
n input line 1486.


Package natbib Warning: Citation `ChenGoldsteinShao2011' on page 32 undefined o
n input line 1514.


Package natbib Warning: Citation `ContTankov2003' on page 32 undefined on input
 line 1520.


Package natbib Warning: Citation `MadanCarrChang1998' on page 32 undefined on i
nput line 1520.

[32]
Overfull \hbox (3.86414pt too wide) in paragraph at lines 1563--1572
\OML/cmm/m/it/12 h[]$\T1/cmr/m/n/12 . The $\OML/cmm/m/it/12 L[]$ \T1/cmr/m/n/12
 spec-tral er-ror for a sin-gle re-al-i-sa-tion is $\OT1/cmr/m/n/12 (\OML/cmm/m
/it/12 C[] \OT1/cmr/m/n/12 + \OML/cmm/m/it/12 C[]\OT1/cmr/m/n/12 )[]\OML/cmm/m/
it/12 N[]$\T1/cmr/m/n/12 .
 []

[33]

Package natbib Warning: Citation `Brillinger1981' on page 34 undefined on input
 line 1632.


Package natbib Warning: Citation `Trefethen2000' on page 34 undefined on input 
line 1632.

[34
pdfTeX warning (ext4): destination with the same identifier (name{equation.18})
 has been already used, duplicate ignored
<argument> ...shipout:D \box_use:N \l_shipout_box 
                                                  \__shipout_drop_firstpage_...
l.1651 \]
         ]

LaTeX Warning: Reference `lem:wasserstein' on page 35 undefined on input line 1
659.


Overfull \hbox (4.022pt too wide) in paragraph at lines 1662--1670
\OMS/cmsy/m/n/12 N\OT1/cmr/m/n/12 (0\OML/cmm/m/it/12 ; \OMS/cmsy/m/n/12 C[]\OT1
/cmr/m/n/12 )$ \T1/cmr/m/n/12 as in Propo-si-tion []1[]; un-der (A5) the sec-on
d term van-ishes. Lemma []4[]
 []

[35] [36] [37]

Package natbib Warning: Citation `Wang2022' on page 38 undefined on input line 
1818.


Package natbib Warning: Citation `Wang2022' on page 38 undefined on input line 
1836.


Package natbib Warning: Citation `MishraMolinaro2022' on page 38 undefined on i
nput line 1847.

[38] [39]
Overfull \hbox (8.65953pt too wide) in paragraph at lines 1904--1906
 []\T1/cmr/m/it/12 Burgers-VG..[] \T1/cmr/m/n/12 Two-dimensional Burg-ers equa-
tion with mul-ti-plica-tive Variance-
 []


Package natbib Warning: Citation `MadanCarrChang1998' on page 40 undefined on i
nput line 1915.


Overfull \hbox (8.81229pt too wide) in paragraph at lines 1911--1916
\T1/cmr/m/n/12 on $\OT1/cmr/m/n/12 [0\OML/cmm/m/it/12 ; \OT1/cmr/m/n/12 1][] \O
MS/cmsy/m/n/12 ^^B \OT1/cmr/m/n/12 [0\OML/cmm/m/it/12 ; T\OT1/cmr/m/n/12 ]$\T1/
cmr/m/n/12 , Neu-mann bound-ary con-di-tions, smooth ini-tial data. Variance-
 []


Package natbib Warning: Citation `ContTankov2003' on page 40 undefined on input
 line 1934.

[40]
Overfull \hbox (8.1012pt too wide) in paragraph at lines 1953--1957
[]\T1/cmr/bx/n/12 Log-spatial PSD MSE $[]$\T1/cmr/m/n/12 , tar-get 0.063
 []


Package natbib Warning: Citation `YangMengKarniadakis2021' on page 41 undefined
 on input line 1974.


Overfull \hbox (10.69261pt too wide) in paragraph at lines 1974--1983
 []\T1/cmr/m/it/12 Bayesian PINN (mean-field Bayes-by-Backprop)..[] \T1/cmr/m/n
/12 Mean-field vari-a-tional PINN
 []

[41]
<figures/fig02_variance_gap.pdf, id=681, 441.97935pt x 228.56529pt>
File: figures/fig02_variance_gap.pdf Graphic file (type pdf)
<use figures/fig02_variance_gap.pdf>
Package pdftex.def Info: figures/fig02_variance_gap.pdf  used on input line 200
3.
(pdftex.def)             Requested size: 350.99762pt x 181.51671pt.

Overfull \hbox (86.4403pt too wide) in paragraph at lines 2030--2041
 [][] 
 []


LaTeX Warning: `h' float specifier changed to `ht'.

<figures/fig03_logpsd_bars.pdf, id=683, 533.36453pt x 254.11739pt>
File: figures/fig03_logpsd_bars.pdf Graphic file (type pdf)
<use figures/fig03_logpsd_bars.pdf>
Package pdftex.def Info: figures/fig03_logpsd_bars.pdf  used on input line 2045
.
(pdftex.def)             Requested size: 390.0pt x 185.81822pt.
[42] [43 <./figures/fig02_variance_gap.pdf>]
Overfull \hbox (97.30972pt too wide) in paragraph at lines 2085--2105
 [][] 
 []


LaTeX Warning: `h' float specifier changed to `ht'.

[44 <./figures/fig03_logpsd_bars.pdf>] [45]

LaTeX Warning: `h' float specifier changed to `ht'.

[46]
<figures/fig18_heston_ablation.pdf, id=837, 859.66985pt x 331.43701pt>
File: figures/fig18_heston_ablation.pdf Graphic file (type pdf)
<use figures/fig18_heston_ablation.pdf>
Package pdftex.def Info: figures/fig18_heston_ablation.pdf  used on input line 
2229.
(pdftex.def)             Requested size: 331.50238pt x 127.80846pt.
<figures/fig05_field_snapshots_spectral.pdf, id=838, 764.61661pt x 704.99384pt>

File: figures/fig05_field_snapshots_spectral.pdf Graphic file (type pdf)
<use figures/fig05_field_snapshots_spectral.pdf>
Package pdftex.def Info: figures/fig05_field_snapshots_spectral.pdf  used on in
put line 2245.
(pdftex.def)             Requested size: 390.0pt x 359.59589pt.
 [47 <./figures/fig18_heston_ablation.pdf>]
Overfull \hbox (0.97955pt too wide) in paragraph at lines 2283--2288
\T1/cmr/m/n/12 temporal PSD, and vari-ance ra-tio), and a nat-u-ral re-viewer q
ues-tion is whether
 []


Overfull \hbox (30.53767pt too wide) in paragraph at lines 2296--2307
 [][] 
 []


LaTeX Warning: `h' float specifier changed to `ht'.

[48]

Package natbib Warning: Citation `DuEtAl2024NSM' on page 49 undefined on input 
line 2336.


Package natbib Warning: Citation `Worrall2025SpectralShaping' on page 49 undefi
ned on input line 2342.


Package natbib Warning: Citation `Hu2024ScoreFPINN' on page 49 undefined on inp
ut line 2343.


Package natbib Warning: Citation `Li2021FNO' on page 49 undefined on input line
 2355.


Package natbib Warning: Citation `Li2021FNO' on page 49 undefined on input line
 2364.

[49]
Overfull \hbox (128.2421pt too wide) in paragraph at lines 2388--2413
 [][] 
 []


LaTeX Warning: `h' float specifier changed to `ht'.

[50]
Overfull \hbox (67.81488pt too wide) in paragraph at lines 2456--2467
 [][] 
 []


LaTeX Warning: `h' float specifier changed to `ht'.


Overfull \hbox (4.64375pt too wide) in paragraph at lines 2480--2487
\T1/cmr/m/n/12 quadra-ture con-tri-bu-tion $\OML/cmm/m/it/12 C[]N[]$ \T1/cmr/m/
n/12 to the $\OML/cmm/m/it/12 W[]$ \T1/cmr/m/n/12 bound de-creases, while the t
raining-
 []


LaTeX Warning: `h' float specifier changed to `ht'.

<figures/fig20_grid3d_conv.pdf, id=931, 819.77188pt x 309.2915pt>
File: figures/fig20_grid3d_conv.pdf Graphic file (type pdf)
<use figures/fig20_grid3d_conv.pdf>
Package pdftex.def Info: figures/fig20_grid3d_conv.pdf  used on input line 2517
.
(pdftex.def)             Requested size: 390.0pt x 147.14624pt.
[51] [52]

LaTeX Warning: `h' float specifier changed to `ht'.


Overfull \hbox (3.40233pt too wide) in paragraph at lines 2601--2611
\T1/cmr/m/n/12 tory) (i) down-loads the raw se-ries, (ii) com-putes log-returns
 $\OML/cmm/m/it/12 r[] \OT1/cmr/m/n/12 = [](\OML/cmm/m/it/12 C[]=C[]\OT1/cmr/m/
n/12 )$\T1/cmr/m/n/12 ,
 []


Overfull \hbox (0.92818pt too wide) in paragraph at lines 2601--2611
\T1/cmr/m/n/12 Nelder--Mead on a Carr--Madan FFT-inverted PDF, and (v) ver-i-fi
es goodness-
 []


Overfull \hbox (33.03606pt too wide) in paragraph at lines 2622--2640
 [][] 
 []


LaTeX Warning: `h' float specifier changed to `ht'.

<figures/fig19_realworld_var.pdf, id=945, 715.12985pt x 317.29665pt>
File: figures/fig19_realworld_var.pdf Graphic file (type pdf)
<use figures/fig19_realworld_var.pdf>
Package pdftex.def Info: figures/fig19_realworld_var.pdf  used on input line 26
44.
(pdftex.def)             Requested size: 390.0pt x 173.03702pt.
[53] [54] [55] [56] [57] [58]
Overfull \hbox (6.56796pt too wide) in paragraph at lines 2848--2853
\T1/cmr/m/n/12 (Propo-si-tion []1[]) re-quires the co-vari-ance ker-nel to fac-
torise as $\OML/cmm/m/it/12 K[]\OT1/cmr/m/n/12 (\OML/cmm/m/it/12 h\OT1/cmr/m/n/
12 ) \OML/cmm/m/it/12 K[]\OT1/cmr/m/n/12 (\OML/cmm/m/it/12 ^^\\OT1/cmr/m/n/12 )
$\T1/cmr/m/n/12 .
 []

[59] [60]
Overfull \hbox (11.08295pt too wide) in paragraph at lines 2937--2943
\T1/cmr/m/n/12 avail-able at []$\T1/cmtt/m/n/12 https : / / github . com / owca
elfis6626 / spectral-[]pinn-[]for-[]spde$[]
 []

[61]
No file main.bbl.

LaTeX Warning: `h' float specifier changed to `ht'.

[62]
LaTeX Font Info:    Font shape `T1/cmtt/bx/n' in size <12> not available
(Font)              Font shape `T1/cmtt/m/n' tried instead on input line 3019.

Overfull \hbox (15.43146pt too wide) in paragraph at lines 3032--3037
[]\T1/cmr/m/n/12 The \T1/cmtt/m/n/12 levy\T1/cmr/m/n/12 -only vari-ant re-pro-d
uces vari-ance cor-rectly (same as all randomised-
 []


Package natbib Warning: There were undefined citations.

[63] [64] [65] [66] [67 <./figures/fig05_field_snapshots_spectral.pdf>]
[68] [69 <./figures/fig20_grid3d_conv.pdf>] [70] [71 <./figures/fig19_realworld
_var.pdf>] (./main.aux)
 ***********
LaTeX2e <2025-11-01>
L3 programming layer <2026-01-19>
 ***********


LaTeX Warning: There were undefined references.


LaTeX Warning: Label(s) may have changed. Rerun to get cross-references right.

Package rerunfilecheck Info: File `main.out' has not changed.
(rerunfilecheck)             Checksum: F4EFD4A548F45194DE9FB9F968974D1E;13590.
 ) 
Here is how much of TeX's memory you used:
 28557 strings out of 469515
 571862 string characters out of 5470807
 1000985 words of memory out of 5000000
 56555 multiletter control sequences out of 15000+600000
 643167 words of font info for 84 fonts, out of 8000000 for 9000
 14 hyphenation exceptions out of 8191
 84i,14n,104p,1001b,1193s stack positions out of 10000i,1000n,20000p,200000b,200000s
</usr/share/texmf-dist/fonts/type1/public/amsfonts/cm/cmbx12.pfb></usr/share/
texmf-dist/fonts/type1/public/amsfonts/cm/cmex10.pfb></usr/share/texmf-dist/fon
ts/type1/public/amsfonts/cmextra/cmex8.pfb></usr/share/texmf-dist/fonts/type1/p
ublic/amsfonts/cm/cmmi10.pfb></usr/share/texmf-dist/fonts/type1/public/amsfonts
/cm/cmmi12.pfb></usr/share/texmf-dist/fonts/type1/public/amsfonts/cm/cmmi6.pfb>
</usr/share/texmf-dist/fonts/type1/public/amsfonts/cm/cmmi7.pfb></usr/share/tex
mf-dist/fonts/type1/public/amsfonts/cm/cmmi8.pfb></usr/share/texmf-dist/fonts/t
ype1/public/amsfonts/cm/cmr10.pfb></usr/share/texmf-dist/fonts/type1/public/ams
fonts/cm/cmr12.pfb></usr/share/texmf-dist/fonts/type1/public/amsfonts/cm/cmr6.p
fb></usr/share/texmf-dist/fonts/type1/public/amsfonts/cm/cmr7.pfb></usr/share/t
exmf-dist/fonts/type1/public/amsfonts/cm/cmr8.pfb></usr/share/texmf-dist/fonts/
type1/public/amsfonts/cm/cmsy10.pfb></usr/share/texmf-dist/fonts/type1/public/a
msfonts/cm/cmsy6.pfb></usr/share/texmf-dist/fonts/type1/public/amsfonts/cm/cmsy
7.pfb></usr/share/texmf-dist/fonts/type1/public/amsfonts/cm/cmsy8.pfb></usr/sha
re/texmf-dist/fonts/type1/public/amsfonts/symbols/msam10.pfb></usr/share/texmf-
dist/fonts/type1/public/amsfonts/symbols/msbm10.pfb></usr/share/texmf-dist/font
s/type1/public/cm-super/sfbx1200.pfb></usr/share/texmf-dist/fonts/type1/public/
cm-super/sfrm0800.pfb></usr/share/texmf-dist/fonts/type1/public/cm-super/sfrm10
00.pfb></usr/share/texmf-dist/fonts/type1/public/cm-super/sfrm1200.pfb></usr/sh
are/texmf-dist/fonts/type1/public/cm-super/sfrm1728.pfb></usr/share/texmf-dist/
fonts/type1/public/cm-super/sfti1200.pfb></usr/share/texmf-dist/fonts/type1/pub
lic/cm-super/sftt1200.pfb>
Output written on main.pdf (71 pages, 1275636 bytes).
PDF statistics:
 1374 PDF objects out of 1440 (max. 8388607)
 984 compressed objects within 10 object streams
 254 named destinations out of 1000 (max. 500000)
 595 words of extra memory for PDF output out of 10000 (max. 10000000)

